2021-12-22 09:27:21,110 [INFO] Activator:170 - 


2021-12-22 09:27:21,110 [INFO] Activator:171 - !SESSION log4j initialized
2021-12-22 09:28:13,306 [INFO] McuFinderGlobals:39 - Set McuFinder mode to 2 (CubeIDE integrated)
2021-12-22 09:28:14,057 [INFO] ApplicationProperties:181 - Using Application install path: C:\ST\STM32CubeIDE_1.6.1\STM32CubeIDE\plugins\com.st.stm32cube.common.mx_6.2.1.202103241236
2021-12-22 09:28:14,089 [INFO] DbMcusXml:74 - Set database path to: C:\ST\STM32CubeIDE_1.6.1\STM32CubeIDE\plugins\com.st.stm32cube.common.mx_6.2.1.202103241236\\db\/mcu/
2021-12-22 09:28:14,104 [INFO] DbBoardsPdsc:56 - Set plugin database path to: C:\ST\STM32CubeIDE_1.6.1\STM32CubeIDE\plugins\com.st.stm32cube.common.mx_6.2.1.202103241236\\db\/plugins/boardmanager/
2021-12-22 09:28:14,104 [INFO] DbMcus:258 - Set plugin images path to: C:\ST\STM32CubeIDE_1.6.1\STM32CubeIDE\plugins\com.st.stm32cube.common.mx_6.2.1.202103241236\\db\/plugins/mcufinder/images/
2021-12-22 09:28:14,104 [INFO] DbBoards:264 - Set plugin images path to: C:\ST\STM32CubeIDE_1.6.1\STM32CubeIDE\plugins\com.st.stm32cube.common.mx_6.2.1.202103241236\\db\/plugins/mcufinder/images/
2021-12-22 09:28:14,104 [INFO] DbExamples:333 - Set plugin images path to: C:\ST\STM32CubeIDE_1.6.1\STM32CubeIDE\plugins\com.st.stm32cube.common.mx_6.2.1.202103241236\\db\/plugins/mcufinder/images/
2021-12-22 09:28:14,135 [INFO] DbMcusAds:85 - Set database path to: C:\Users\Israel\.stmcufinder\plugins\mcufinder//mcu/
2021-12-22 09:28:14,135 [INFO] DbMcusDocs:110 - Set database path to: C:\Users\Israel\.stmcufinder\plugins\mcufinder//mcu/
2021-12-22 09:28:14,135 [INFO] DbMcusJson:65 - Set database path to: C:\Users\Israel\.stmcufinder\plugins\mcufinder//mcu/
2021-12-22 09:28:14,151 [INFO] DbBoardsDocs:110 - Set database path to: C:\Users\Israel\.stmcufinder\plugins\mcufinder//mcu/
2021-12-22 09:28:14,151 [INFO] DbBoardsJson:58 - Set database path to: C:\Users\Israel\.stmcufinder\plugins\mcufinder//mcu/
2021-12-22 09:28:14,151 [INFO] CrossReferenceDbSqlite:196 - Set database path to: C:\Users\Israel\.stmcufinder\plugins\mcufinder//mcu/cs/
2021-12-22 09:28:14,167 [INFO] DbExamplesSqlite:690 - Set database path to: C:\Users\Israel\.stmcufinder\plugins\mcufinder//mcu/
2021-12-22 09:28:14,417 [INFO] RulesReader:52 - Compatibility file has been processed (237 Rules)
2021-12-22 09:28:15,762 [INFO] MicroXplorer:622 - Detected Java Version = 11.0.9.1
2021-12-22 09:28:15,762 [INFO] DbMcusXml:74 - Set database path to: C:\ST\STM32CubeIDE_1.6.1\STM32CubeIDE\plugins\com.st.stm32cube.common.mx_6.2.1.202103241236\\db\/mcu/
2021-12-22 09:28:15,762 [INFO] DbBoardsPdsc:56 - Set plugin database path to: C:\ST\STM32CubeIDE_1.6.1\STM32CubeIDE\plugins\com.st.stm32cube.common.mx_6.2.1.202103241236\\db\/plugins/boardmanager/
2021-12-22 09:28:15,762 [INFO] DbMcus:258 - Set plugin images path to: C:\ST\STM32CubeIDE_1.6.1\STM32CubeIDE\plugins\com.st.stm32cube.common.mx_6.2.1.202103241236\\db\/plugins/mcufinder/images/
2021-12-22 09:28:15,762 [INFO] DbBoards:264 - Set plugin images path to: C:\ST\STM32CubeIDE_1.6.1\STM32CubeIDE\plugins\com.st.stm32cube.common.mx_6.2.1.202103241236\\db\/plugins/mcufinder/images/
2021-12-22 09:28:15,762 [INFO] DbExamples:333 - Set plugin images path to: C:\ST\STM32CubeIDE_1.6.1\STM32CubeIDE\plugins\com.st.stm32cube.common.mx_6.2.1.202103241236\\db\/plugins/mcufinder/images/
2021-12-22 09:28:15,762 [WARN] DbFile:35 - Overriding database path with different value: C:\Users\Israel\.stmcufinder\plugins\mcufinder/ => C:\Users\Israel\.stmcufinder\plugins\mcufinder
2021-12-22 09:28:15,762 [INFO] DbMcusAds:85 - Set database path to: C:\Users\Israel\.stmcufinder\plugins\mcufinder//mcu/
2021-12-22 09:28:15,762 [WARN] DbFile:35 - Overriding database path with different value: C:\Users\Israel\.stmcufinder\plugins\mcufinder/ => C:\Users\Israel\.stmcufinder\plugins\mcufinder
2021-12-22 09:28:15,762 [INFO] DbMcusDocs:110 - Set database path to: C:\Users\Israel\.stmcufinder\plugins\mcufinder//mcu/
2021-12-22 09:28:15,762 [WARN] DbFile:35 - Overriding database path with different value: C:\Users\Israel\.stmcufinder\plugins\mcufinder/ => C:\Users\Israel\.stmcufinder\plugins\mcufinder
2021-12-22 09:28:15,762 [INFO] DbMcusJson:65 - Set database path to: C:\Users\Israel\.stmcufinder\plugins\mcufinder//mcu/
2021-12-22 09:28:15,762 [WARN] DbFile:35 - Overriding database path with different value: C:\Users\Israel\.stmcufinder\plugins\mcufinder/ => C:\Users\Israel\.stmcufinder\plugins\mcufinder
2021-12-22 09:28:15,762 [INFO] DbBoardsDocs:110 - Set database path to: C:\Users\Israel\.stmcufinder\plugins\mcufinder//mcu/
2021-12-22 09:28:15,762 [WARN] DbFile:35 - Overriding database path with different value: C:\Users\Israel\.stmcufinder\plugins\mcufinder/ => C:\Users\Israel\.stmcufinder\plugins\mcufinder
2021-12-22 09:28:15,762 [INFO] DbBoardsJson:58 - Set database path to: C:\Users\Israel\.stmcufinder\plugins\mcufinder//mcu/
2021-12-22 09:28:15,762 [WARN] DbFile:35 - Overriding database path with different value: C:\Users\Israel\.stmcufinder\plugins\mcufinder/ => C:\Users\Israel\.stmcufinder\plugins\mcufinder
2021-12-22 09:28:15,762 [WARN] DbFile:35 - Overriding database path with different value: C:\Users\Israel\.stmcufinder\plugins\mcufinder/ => C:\Users\Israel\.stmcufinder\plugins\mcufinder
2021-12-22 09:28:15,762 [INFO] CrossReferenceDbSqlite:196 - Set database path to: C:\Users\Israel\.stmcufinder\plugins\mcufinder//mcu/cs/
2021-12-22 09:28:15,762 [WARN] DbFile:35 - Overriding database path with different value: C:\Users\Israel\.stmcufinder\plugins\mcufinder/ => C:\Users\Israel\.stmcufinder\plugins\mcufinder
2021-12-22 09:28:15,778 [INFO] DbExamplesSqlite:690 - Set database path to: C:\Users\Israel\.stmcufinder\plugins\mcufinder//mcu/
2021-12-22 09:28:15,934 [INFO] MainPanel:204 - HeapMemory: 268435456
2021-12-22 09:28:16,156 [INFO] DbMcusXml:74 - Set database path to: C:\ST\STM32CubeIDE_1.6.1\STM32CubeIDE\plugins\com.st.stm32cube.common.mx_6.2.1.202103241236\\db\/mcu/
2021-12-22 09:28:16,156 [INFO] DbBoardsPdsc:56 - Set plugin database path to: C:\ST\STM32CubeIDE_1.6.1\STM32CubeIDE\plugins\com.st.stm32cube.common.mx_6.2.1.202103241236\\db\/plugins/boardmanager/
2021-12-22 09:28:16,156 [INFO] DbMcus:258 - Set plugin images path to: C:\ST\STM32CubeIDE_1.6.1\STM32CubeIDE\plugins\com.st.stm32cube.common.mx_6.2.1.202103241236\\db\/plugins/mcufinder/images/
2021-12-22 09:28:16,156 [INFO] DbBoards:264 - Set plugin images path to: C:\ST\STM32CubeIDE_1.6.1\STM32CubeIDE\plugins\com.st.stm32cube.common.mx_6.2.1.202103241236\\db\/plugins/mcufinder/images/
2021-12-22 09:28:16,156 [INFO] DbExamples:333 - Set plugin images path to: C:\ST\STM32CubeIDE_1.6.1\STM32CubeIDE\plugins\com.st.stm32cube.common.mx_6.2.1.202103241236\\db\/plugins/mcufinder/images/
2021-12-22 09:28:16,171 [WARN] DbFile:35 - Overriding database path with different value: C:\Users\Israel\.stmcufinder\plugins\mcufinder/ => C:\Users\Israel\.stmcufinder\plugins\mcufinder
2021-12-22 09:28:16,171 [INFO] DbMcusAds:85 - Set database path to: C:\Users\Israel\.stmcufinder\plugins\mcufinder//mcu/
2021-12-22 09:28:16,171 [WARN] DbFile:35 - Overriding database path with different value: C:\Users\Israel\.stmcufinder\plugins\mcufinder/ => C:\Users\Israel\.stmcufinder\plugins\mcufinder
2021-12-22 09:28:16,171 [INFO] DbMcusDocs:110 - Set database path to: C:\Users\Israel\.stmcufinder\plugins\mcufinder//mcu/
2021-12-22 09:28:16,171 [WARN] DbFile:35 - Overriding database path with different value: C:\Users\Israel\.stmcufinder\plugins\mcufinder/ => C:\Users\Israel\.stmcufinder\plugins\mcufinder
2021-12-22 09:28:16,171 [INFO] DbMcusJson:65 - Set database path to: C:\Users\Israel\.stmcufinder\plugins\mcufinder//mcu/
2021-12-22 09:28:16,171 [WARN] DbFile:35 - Overriding database path with different value: C:\Users\Israel\.stmcufinder\plugins\mcufinder/ => C:\Users\Israel\.stmcufinder\plugins\mcufinder
2021-12-22 09:28:16,171 [INFO] DbBoardsDocs:110 - Set database path to: C:\Users\Israel\.stmcufinder\plugins\mcufinder//mcu/
2021-12-22 09:28:16,171 [WARN] DbFile:35 - Overriding database path with different value: C:\Users\Israel\.stmcufinder\plugins\mcufinder/ => C:\Users\Israel\.stmcufinder\plugins\mcufinder
2021-12-22 09:28:16,171 [INFO] DbBoardsJson:58 - Set database path to: C:\Users\Israel\.stmcufinder\plugins\mcufinder//mcu/
2021-12-22 09:28:16,171 [WARN] DbFile:35 - Overriding database path with different value: C:\Users\Israel\.stmcufinder\plugins\mcufinder/ => C:\Users\Israel\.stmcufinder\plugins\mcufinder
2021-12-22 09:28:16,171 [WARN] DbFile:35 - Overriding database path with different value: C:\Users\Israel\.stmcufinder\plugins\mcufinder/ => C:\Users\Israel\.stmcufinder\plugins\mcufinder
2021-12-22 09:28:16,171 [INFO] CrossReferenceDbSqlite:196 - Set database path to: C:\Users\Israel\.stmcufinder\plugins\mcufinder//mcu/cs/
2021-12-22 09:28:16,171 [WARN] DbFile:35 - Overriding database path with different value: C:\Users\Israel\.stmcufinder\plugins\mcufinder/ => C:\Users\Israel\.stmcufinder\plugins\mcufinder
2021-12-22 09:28:16,171 [INFO] DbExamplesSqlite:690 - Set database path to: C:\Users\Israel\.stmcufinder\plugins\mcufinder//mcu/
2021-12-22 09:28:16,218 [INFO] ApplicationProperties:181 - Using Application install path: C:\ST\STM32CubeIDE_1.6.1\STM32CubeIDE\plugins\com.st.stm32cube.common.mx_6.2.1.202103241236
2021-12-22 09:28:16,218 [INFO] PluginManage:178 - Search for loadable plugins [exclusion list=, ]
2021-12-22 09:28:16,218 [INFO] PluginManage:292 - Check plugin analytics
2021-12-22 09:28:16,578 [INFO] AnalyticsPlugin:233 - Accepted Software Licenses: Error : could not load the licence version !,STM32CubeMX.5.4.0
2021-12-22 09:28:16,578 [INFO] AnalyticsPlugin:235 - Accepted CMSIS Pack Licenses: STMicroelectronics.X-CUBE-BLE1.4.4.0,STMicroelectronics.X-CUBE-BLE1.4.2.0,STMicroelectronics.X-CUBE-AI.4.1.0,STMicroelectronics.X-CUBE-AI.4.0.0
2021-12-22 09:28:16,593 [INFO] AnalyticsPlugin:237 - Accepted Firmware Licenses: 
2021-12-22 09:28:16,593 [INFO] PluginManage:342 - Loaded plugin analytics (category:tool,tabindex:-1)
2021-12-22 09:28:16,593 [INFO] PluginManage:292 - Check plugin clock
2021-12-22 09:28:16,625 [INFO] PluginManage:342 - Loaded plugin clock (category:base,tabindex:2)
2021-12-22 09:28:16,640 [INFO] PluginManage:292 - Check plugin ddr
2021-12-22 09:28:16,640 [INFO] PluginManage:342 - Loaded plugin ddr (category:tool,tabindex:6)
2021-12-22 09:28:16,640 [INFO] PluginManage:292 - Check plugin filemanager
2021-12-22 09:28:16,937 [INFO] PluginManage:342 - Loaded plugin filemanager (category:base,tabindex:10)
2021-12-22 09:28:16,937 [INFO] PluginManage:292 - Check plugin ipmanager
2021-12-22 09:28:16,953 [INFO] PluginManage:342 - Loaded plugin ipmanager (category:base,tabindex:5)
2021-12-22 09:28:16,953 [INFO] PluginManage:292 - Check plugin pinoutandconfiguration
2021-12-22 09:28:16,984 [INFO] PluginManage:342 - Loaded plugin pinoutandconfiguration (category:base,tabindex:1)
2021-12-22 09:28:16,984 [INFO] PluginManage:292 - Check plugin pinoutconfig
2021-12-22 09:28:17,048 [INFO] PluginManage:342 - Loaded plugin pinoutconfig (category:base,tabindex:0)
2021-12-22 09:28:17,048 [INFO] PluginManage:292 - Check plugin power
2021-12-22 09:28:17,080 [INFO] PluginManage:342 - Loaded plugin power (category:power,tabindex:4)
2021-12-22 09:28:17,080 [INFO] PluginManage:292 - Check plugin projectmanager
2021-12-22 09:28:17,111 [INFO] PluginManage:342 - Loaded plugin projectmanager (category:projectmanager,tabindex:3)
2021-12-22 09:28:17,111 [INFO] PluginManage:292 - Check plugin thirdparty
2021-12-22 09:28:17,501 [INFO] PluginManage:342 - Loaded plugin thirdparty (category:base,tabindex:-1)
2021-12-22 09:28:17,501 [INFO] PluginManage:292 - Check plugin tools
2021-12-22 09:28:17,501 [WARN] IntegrityCheckThread:59 - waiting for thirdparty lock release [integrity check]
2021-12-22 09:28:17,517 [INFO] IntegrityCheckThread:61 - entering critical section [integrity check]
2021-12-22 09:28:17,517 [INFO] ThirdPartyUpdaterWithRetryManager:56 - Updater plugin not ready yet. [1/15]
2021-12-22 09:28:17,564 [INFO] PluginManage:342 - Loaded plugin tools (category:base,tabindex:7)
2021-12-22 09:28:17,564 [INFO] PluginManage:292 - Check plugin tutovideos
2021-12-22 09:28:18,144 [INFO] PluginManage:342 - Loaded plugin tutovideos (category:base,tabindex:-1)
2021-12-22 09:28:18,144 [INFO] PluginManage:292 - Check plugin updater
2021-12-22 09:28:18,159 [INFO] PluginManage:342 - Loaded plugin updater (category:base,tabindex:12)
2021-12-22 09:28:18,175 [INFO] PluginManage:265 - PluginManage : Loaded plugins [13]
2021-12-22 09:28:18,565 [INFO] PinOutPanel:1435 - setPackage(No Configuration,No Configuration)
2021-12-22 09:28:18,831 [INFO] IPUIPlugin:64 - create IPUIPlugin
2021-12-22 09:28:18,831 [INFO] PluginManager:203 - loadIPPluginJar : add adc
2021-12-22 09:28:18,878 [INFO] IPUIPlugin:64 - create IPUIPlugin
2021-12-22 09:28:18,878 [INFO] PluginManager:203 - loadIPPluginJar : add aes
2021-12-22 09:28:18,909 [INFO] IPUIPlugin:64 - create IPUIPlugin
2021-12-22 09:28:18,909 [INFO] PluginManager:203 - loadIPPluginJar : add can
2021-12-22 09:28:18,925 [INFO] IPUIPlugin:64 - create IPUIPlugin
2021-12-22 09:28:18,925 [INFO] PluginManager:203 - loadIPPluginJar : add comp
2021-12-22 09:28:18,956 [INFO] IPUIPlugin:64 - create IPUIPlugin
2021-12-22 09:28:18,956 [INFO] PluginManager:203 - loadIPPluginJar : add cryp
2021-12-22 09:28:18,987 [INFO] IPUIPlugin:64 - create IPUIPlugin
2021-12-22 09:28:18,987 [INFO] PluginManager:203 - loadIPPluginJar : add dfsdm
2021-12-22 09:28:19,003 [INFO] IPUIPlugin:64 - create IPUIPlugin
2021-12-22 09:28:19,019 [INFO] PluginManager:203 - loadIPPluginJar : add dma
2021-12-22 09:28:19,034 [INFO] IPUIPlugin:64 - create IPUIPlugin
2021-12-22 09:28:19,034 [INFO] PluginManager:203 - loadIPPluginJar : add fatfs
2021-12-22 09:28:19,083 [INFO] IPUIPlugin:64 - create IPUIPlugin
2021-12-22 09:28:19,083 [INFO] PluginManager:203 - loadIPPluginJar : add fmc
2021-12-22 09:28:19,114 [INFO] IPUIPlugin:64 - create IPUIPlugin
2021-12-22 09:28:19,114 [INFO] PluginManager:203 - loadIPPluginJar : add freertos
2021-12-22 09:28:19,130 [INFO] IPUIPlugin:64 - create IPUIPlugin
2021-12-22 09:28:19,130 [INFO] PluginManager:203 - loadIPPluginJar : add genericplugin
2021-12-22 09:28:19,208 [INFO] IPUIPlugin:64 - create IPUIPlugin
2021-12-22 09:28:19,208 [INFO] PluginManager:203 - loadIPPluginJar : add gfxmmu
2021-12-22 09:28:19,317 [INFO] IPUIPlugin:64 - create IPUIPlugin
2021-12-22 09:28:19,317 [INFO] PluginManager:203 - loadIPPluginJar : add gic
2021-12-22 09:28:19,333 [INFO] IPUIPlugin:64 - create IPUIPlugin
2021-12-22 09:28:19,333 [INFO] PluginManager:203 - loadIPPluginJar : add gpio
2021-12-22 09:28:19,395 [INFO] IPUIPlugin:64 - create IPUIPlugin
2021-12-22 09:28:19,395 [INFO] PluginManager:203 - loadIPPluginJar : add gtzc
2021-12-22 09:28:19,427 [INFO] IPUIPlugin:64 - create IPUIPlugin
2021-12-22 09:28:19,427 [INFO] PluginManager:203 - loadIPPluginJar : add hash
2021-12-22 09:28:19,473 [INFO] IPUIPlugin:64 - create IPUIPlugin
2021-12-22 09:28:19,473 [INFO] PluginManager:203 - loadIPPluginJar : add i2c
2021-12-22 09:28:19,505 [INFO] IPUIPlugin:64 - create IPUIPlugin
2021-12-22 09:28:19,505 [INFO] PluginManager:203 - loadIPPluginJar : add i2s
2021-12-22 09:28:19,520 [INFO] IPUIPlugin:64 - create IPUIPlugin
2021-12-22 09:28:19,520 [INFO] PluginManager:203 - loadIPPluginJar : add ipddr
2021-12-22 09:28:19,567 [INFO] IPUIPlugin:64 - create IPUIPlugin
2021-12-22 09:28:19,567 [INFO] PluginManager:203 - loadIPPluginJar : add lorawan
2021-12-22 09:28:19,598 [INFO] IPUIPlugin:64 - create IPUIPlugin
2021-12-22 09:28:19,598 [INFO] PluginManager:203 - loadIPPluginJar : add ltdc
2021-12-22 09:28:19,614 [INFO] IPUIPlugin:64 - create IPUIPlugin
2021-12-22 09:28:19,614 [INFO] PluginManager:203 - loadIPPluginJar : add mdma
2021-12-22 09:28:19,614 [INFO] IPUIPlugin:64 - create IPUIPlugin
2021-12-22 09:28:19,614 [INFO] PluginManager:203 - loadIPPluginJar : add nvic
2021-12-22 09:28:19,661 [INFO] IPUIPlugin:64 - create IPUIPlugin
2021-12-22 09:28:19,661 [INFO] PluginManager:203 - loadIPPluginJar : add opamp
2021-12-22 09:28:19,708 [INFO] IPUIPlugin:64 - create IPUIPlugin
2021-12-22 09:28:19,708 [INFO] PluginManager:203 - loadIPPluginJar : add openamp
2021-12-22 09:28:19,739 [INFO] IPUIPlugin:64 - create IPUIPlugin
2021-12-22 09:28:19,739 [INFO] PluginManager:203 - loadIPPluginJar : add pdm2pcm
2021-12-22 09:28:19,755 [INFO] IPUIPlugin:64 - create IPUIPlugin
2021-12-22 09:28:19,770 [INFO] PluginManager:203 - loadIPPluginJar : add plateformsettings
2021-12-22 09:28:19,786 [INFO] IPUIPlugin:64 - create IPUIPlugin
2021-12-22 09:28:19,786 [INFO] PluginManager:203 - loadIPPluginJar : add quadspi
2021-12-22 09:28:19,802 [INFO] IPUIPlugin:64 - create IPUIPlugin
2021-12-22 09:28:19,802 [INFO] PluginManager:203 - loadIPPluginJar : add resmgrutility
2021-12-22 09:28:19,864 [INFO] IPUIPlugin:64 - create IPUIPlugin
2021-12-22 09:28:19,864 [INFO] PluginManager:203 - loadIPPluginJar : add sai
2021-12-22 09:28:19,895 [INFO] IPUIPlugin:64 - create IPUIPlugin
2021-12-22 09:28:19,895 [INFO] PluginManager:203 - loadIPPluginJar : add spi
2021-12-22 09:28:19,942 [INFO] IPUIPlugin:64 - create IPUIPlugin
2021-12-22 09:28:19,942 [INFO] PluginManager:203 - loadIPPluginJar : add stm32_wpan
2021-12-22 09:28:19,973 [INFO] IPUIPlugin:64 - create IPUIPlugin
2021-12-22 09:28:19,973 [INFO] PluginManager:203 - loadIPPluginJar : add tim
2021-12-22 09:28:20,036 [INFO] IPUIPlugin:64 - create IPUIPlugin
2021-12-22 09:28:20,036 [INFO] PluginManager:203 - loadIPPluginJar : add touchsensing
2021-12-22 09:28:20,053 [INFO] IPUIPlugin:64 - create IPUIPlugin
2021-12-22 09:28:20,053 [INFO] PluginManager:203 - loadIPPluginJar : add tracer_emb
2021-12-22 09:28:20,069 [INFO] IPUIPlugin:64 - create IPUIPlugin
2021-12-22 09:28:20,084 [INFO] PluginManager:203 - loadIPPluginJar : add ts
2021-12-22 09:28:20,100 [INFO] IPUIPlugin:64 - create IPUIPlugin
2021-12-22 09:28:20,100 [INFO] PluginManager:203 - loadIPPluginJar : add tsc
2021-12-22 09:28:20,116 [INFO] IPUIPlugin:64 - create IPUIPlugin
2021-12-22 09:28:20,116 [INFO] PluginManager:203 - loadIPPluginJar : add ucpd
2021-12-22 09:28:20,163 [INFO] IPUIPlugin:64 - create IPUIPlugin
2021-12-22 09:28:20,163 [INFO] PluginManager:203 - loadIPPluginJar : add usart
2021-12-22 09:28:20,530 [INFO] ThirdPartyUpdaterWithRetryManager:56 - Updater plugin not ready yet. [2/15]
2021-12-22 09:28:20,733 [FATAL] Updater:284 - Updater called before beeing initialized
2021-12-22 09:28:21,030 [FATAL] Updater:284 - Updater called before beeing initialized
2021-12-22 09:28:21,054 [INFO] DbMcusAds:132 - JSON generation date=Thu Sep 30 07:55:09 BST 2021 (1632984909265)
2021-12-22 09:28:21,054 [FATAL] Updater:284 - Updater called before beeing initialized
2021-12-22 09:28:21,197 [WARN] DetailPanel:315 - Failed to get advertising image, set to default
2021-12-22 09:28:21,556 [FATAL] Updater:284 - Updater called before beeing initialized
2021-12-22 09:28:21,556 [FATAL] Updater:284 - Updater called before beeing initialized
2021-12-22 09:28:21,556 [FATAL] Updater:284 - Updater called before beeing initialized
2021-12-22 09:28:21,556 [WARN] DetailPanel:315 - Failed to get advertising image, set to default
2021-12-22 09:28:21,556 [FATAL] Updater:284 - Updater called before beeing initialized
2021-12-22 09:28:21,650 [FATAL] Updater:284 - Updater called before beeing initialized
2021-12-22 09:28:21,650 [WARN] ThirdParty:796 - waiting for thirdparty lock release [close project]
2021-12-22 09:28:23,544 [FATAL] Updater:284 - Updater called before beeing initialized
2021-12-22 09:28:23,544 [ERROR] AbstractThirdPartyUpdaterManager:153 - class java.lang.Integer cannot be cast to class java.util.List (java.lang.Integer and java.util.List are in module java.base of loader 'bootstrap')
2021-12-22 09:28:23,544 [INFO] ThirdParty:900 - Integrity check success = false
2021-12-22 09:28:23,544 [INFO] IntegrityCheckThread:75 - exiting critical section [integrity check]
2021-12-22 09:28:23,544 [INFO] IntegrityCheckThread:78 - End integrity checks thread
2021-12-22 09:28:23,544 [INFO] ThirdParty:798 - entering critical section [close project]
2021-12-22 09:28:23,544 [INFO] ThirdParty:809 - exiting critical section [close project]
2021-12-22 09:28:23,544 [INFO] PinOutPanel:1435 - setPackage(No Configuration,No Configuration)
2021-12-22 09:28:23,544 [FATAL] Updater:284 - Updater called before beeing initialized
2021-12-22 09:28:23,560 [ERROR] Updater:1065 - MainUpdater not yet initialized. External WinMGr cannot be set.
2021-12-22 09:28:23,575 [INFO] Updater:1002 - Updater Version found : 6.2.1
2021-12-22 09:28:23,607 [INFO] ApplicationProperties:181 - Using Application install path: C:\ST\STM32CubeIDE_1.6.1\STM32CubeIDE\plugins\com.st.stm32cube.common.mx_6.2.1.202103241236
2021-12-22 09:29:00,620 [INFO] MainUpdater:2661 - connection check result : 10
2021-12-22 09:29:00,620 [INFO] MainUpdater:255 - Updater Check For Update Now.
2021-12-22 09:29:00,620 [INFO] MicroXplorer:472 - Change Database Version : DB.6.0.21
2021-12-22 09:29:00,714 [INFO] CheckServerUpdateThread:102 - End of CheckServer Thread
2021-12-22 09:29:00,760 [INFO] MainUpdater:2661 - connection check result : 10
2021-12-22 09:29:01,108 [INFO] ServerAccessManage:348 - Download File ad.zip
2021-12-22 09:29:01,327 [INFO] FileExtend:225 - Unzip File : ad.zip
2021-12-22 09:29:01,327 [INFO] FileExtend:240 - Standard Zip Deflate
2021-12-22 09:29:01,389 [INFO] LoadUrlFilesThread:135 - End of LoadUrlFiles Thread
2021-12-22 09:29:01,671 [INFO] ServerAccessManage:348 - Download File mcusAds.json._tmp_
2021-12-22 09:29:01,686 [INFO] LoadUrlFilesThread:135 - End of LoadUrlFiles Thread
2021-12-22 09:29:01,889 [INFO] ServerAccessManage:348 - Download File mcusDocs.json._tmp_
2021-12-22 09:29:01,968 [INFO] LoadUrlFilesThread:135 - End of LoadUrlFiles Thread
2021-12-22 09:29:02,014 [INFO] ServerAccessManage:348 - Download File mcusFeaturesAndDescription.json._tmp_
2021-12-22 09:29:03,615 [INFO] LoadUrlFilesThread:135 - End of LoadUrlFiles Thread
2021-12-22 09:29:03,725 [INFO] ServerAccessManage:348 - Download File boardsDocs.json._tmp_
2021-12-22 09:29:03,756 [INFO] LoadUrlFilesThread:135 - End of LoadUrlFiles Thread
2021-12-22 09:29:03,834 [INFO] ServerAccessManage:348 - Download File boards.json._tmp_
2021-12-22 09:29:03,959 [INFO] LoadUrlFilesThread:135 - End of LoadUrlFiles Thread
2021-12-22 09:29:04,211 [INFO] ServerAccessManage:348 - Download File cube-finder-db.zip
2021-12-22 09:29:07,845 [INFO] FileExtend:225 - Unzip File : cube-finder-db.zip
2021-12-22 09:29:07,845 [INFO] FileExtend:240 - Standard Zip Deflate
2021-12-22 09:29:09,033 [INFO] LoadUrlFilesThread:135 - End of LoadUrlFiles Thread
2021-12-22 09:29:09,631 [INFO] ServerAccessManage:348 - Download File crdb.zip
2021-12-22 09:29:09,913 [INFO] FileExtend:225 - Unzip File : crdb.zip
2021-12-22 09:29:09,913 [INFO] FileExtend:240 - Standard Zip Deflate
2021-12-22 09:29:09,944 [INFO] LoadUrlFilesThread:135 - End of LoadUrlFiles Thread
2021-12-22 09:29:10,180 [INFO] ServerAccessManage:348 - Download File tutoVideoDB.zip
2021-12-22 09:29:10,180 [INFO] FileExtend:225 - Unzip File : tutoVideoDB.zip
2021-12-22 09:29:10,180 [INFO] FileExtend:240 - Standard Zip Deflate
2021-12-22 09:29:10,211 [INFO] LoadUrlFilesThread:135 - End of LoadUrlFiles Thread
2021-12-22 09:29:10,211 [INFO] DbMcusAds:132 - JSON generation date=Thu Sep 30 07:55:09 BST 2021 (1632984909265)
2021-12-22 09:29:10,243 [INFO] DbMcusDocs:143 - JSON generation date=Tue Nov 16 16:17:54 GMT 2021 (1637079474)
2021-12-22 09:29:10,243 [INFO] DbMcusXml:100 - Load MCU database from C:\ST\STM32CubeIDE_1.6.1\STM32CubeIDE\plugins\com.st.stm32cube.common.mx_6.2.1.202103241236\\db\/mcu/families.xml
2021-12-22 09:29:12,268 [INFO] DbMcusJson:94 - JSON generation date=Tue Nov 16 16:17:54 GMT 2021 (1637079474)
2021-12-22 09:29:13,995 [INFO] DbMcus:175 - Found 1906 MCUs (1866 are supported by CubeMX, 1920 are visible in CubeMX)
2021-12-22 09:29:13,995 [INFO] ApiDb:251 - Load user favorites file C:\Users\Israel/.stm32cubeide/favorites.mcus.txt: 0 item(s)
2021-12-22 09:29:13,995 [INFO] ApiDb:255 - User favorites MCUs=[]
2021-12-22 09:29:13,995 [INFO] DbMcus:187 - Set 0 / 0 favorites MCUs
2021-12-22 09:29:14,797 [INFO] DbMcusDocs:79 - Found 682 MCUs documents
2021-12-22 09:29:14,797 [INFO] ApiDb:276 - Save user favorites file C:\Users\Israel/.stm32cubeide/favorites.mcus.txt: 0 item(s)
2021-12-22 09:29:14,797 [INFO] ApiDb:280 - User favorites MCUs=[]
2021-12-22 09:29:14,797 [INFO] DbMcusXml:100 - Load MCU database from C:\ST\STM32CubeIDE_1.6.1\STM32CubeIDE\plugins\com.st.stm32cube.common.mx_6.2.1.202103241236\\db\/mcu/families.xml
2021-12-22 09:29:16,365 [INFO] DbMcusJson:94 - JSON generation date=Tue Nov 16 16:17:54 GMT 2021 (1637079474)
2021-12-22 09:29:17,548 [INFO] DbMcus:175 - Found 1906 MCUs (1866 are supported by CubeMX, 1920 are visible in CubeMX)
2021-12-22 09:29:17,548 [INFO] ApiDb:251 - Load user favorites file C:\Users\Israel/.stm32cubeide/favorites.mcus.txt: 0 item(s)
2021-12-22 09:29:17,548 [INFO] ApiDb:255 - User favorites MCUs=[]
2021-12-22 09:29:17,548 [INFO] DbMcus:187 - Set 0 / 0 favorites MCUs
2021-12-22 09:29:17,579 [INFO] DbBoardsDocs:143 - JSON generation date=Tue Nov 16 16:17:54 GMT 2021 (1637079474)
2021-12-22 09:29:17,610 [INFO] DbBoardsPdsc:90 - Found 24 items
2021-12-22 09:29:17,626 [INFO] DbBoardsPdsc:90 - Found 9 items
2021-12-22 09:29:17,657 [INFO] DbBoardsPdsc:90 - Found 33 items
2021-12-22 09:29:17,688 [INFO] DbBoardsPdsc:90 - Found 1 items
2021-12-22 09:29:17,720 [INFO] DbBoardsPdsc:90 - Found 46 items
2021-12-22 09:29:17,767 [INFO] DbBoardsPdsc:90 - Found 41 items
2021-12-22 09:29:17,767 [INFO] DbBoardsPdsc:90 - Found 2 items
2021-12-22 09:29:17,782 [INFO] DbBoardsPdsc:90 - Found 5 items
2021-12-22 09:29:17,782 [WARN] DbBoardsPdsc:254 - Board NUCLEO-WB15CC: unknown feature type=, name=, username=Three user LEDs, n=1
2021-12-22 09:29:17,782 [WARN] DbBoardsPdsc:254 - Board NUCLEO-WB15CC: unknown feature type=, name=, username=One reset and three user push-buttons, n=1
2021-12-22 09:29:17,782 [WARN] DbBoardsPdsc:254 - Board NUCLEO-WB15CC: unknown feature type=, name=, username=Arduino Uno V3 expansion connector, n=1
2021-12-22 09:29:17,782 [WARN] DbBoardsPdsc:254 - Board NUCLEO-WB15CC: unknown feature type=, name=, username=ST morpho extension pin headers for full access to all STM32WB I/Os, n=1
2021-12-22 09:29:17,782 [WARN] DbBoardsPdsc:254 - Board NUCLEO-WB15CC: unknown feature type=, name=, username=Integrated PCB antenna and SMA connector footprint, n=1
2021-12-22 09:29:17,782 [WARN] DbBoardsPdsc:254 - Board NUCLEO-WB15CC: unknown feature type=, name=, username=Flexible power-supply options: ST-LINK, USB VBUS, or external sources, n=1
2021-12-22 09:29:17,782 [WARN] DbBoardsPdsc:254 - Board NUCLEO-WB15CC: unknown feature type=, name=, username=On-board footprint to mount a CR2032 battery socket, n=1
2021-12-22 09:29:17,782 [WARN] DbBoardsPdsc:254 - Board NUCLEO-WB15CC: unknown feature type=, name=, username=On-board ST-LINK/V2-1 debugger/programmer with USB re-enumeration capability: mass storage, Virtual COM port, and debug port, n=1
2021-12-22 09:29:17,798 [WARN] DbBoardsPdsc:254 - Board NUCLEO-WB15CC: unknown feature type=, name=, username=Comprehensive free software libraries and examples available with the STM32CubeWB MCU Package, n=1
2021-12-22 09:29:17,798 [WARN] DbBoardsPdsc:254 - Board NUCLEO-WB15CC: unknown feature type=, name=, username=Support of a wide choice of Integrated Development Environments (IDEs) including IAR Embedded Workbench, MDK-ARM, STM32CubeIDE, and Mbed Studio, n=1
2021-12-22 09:29:17,798 [WARN] DbBoardsPdsc:254 - Board STM32H7B3I-DK: unknown feature type=Audio, name=, username=Audio stereo codec with Headphone Amp (CS42L51-CNZ), n=1
2021-12-22 09:29:17,798 [WARN] DbBoardsPdsc:254 - Board STM32H735G-DK: unknown feature type=Audio, name=, username=Audio stereo codec with Headphone Amp (WM8994ECS/R), n=1
2021-12-22 09:29:17,798 [WARN] DbBoardsPdsc:254 - Board STM32WB5MM-DK: unknown feature type=, name=, username=Time-of-Flight and gesture-detection sensor, n=1
2021-12-22 09:29:17,798 [WARN] DbBoardsPdsc:254 - Board STM32WB5MM-DK: unknown feature type=, name=, username=3 push-buttons (2 users and 1 reset) and 1 touch key button, n=1
2021-12-22 09:29:17,798 [WARN] DbBoardsPdsc:254 - Board STM32WB5MM-DK: unknown feature type=, name=, username=Flexible power-supply options: ST-LINK/V2-1 USB connector, 5 V delivered by ARDUINO速 or external connector, USB charger, or USB power, n=1
2021-12-22 09:29:17,798 [WARN] DbBoardsPdsc:254 - Board STM32WB5MM-DK: unknown feature type=, name=, username=On-board ST-LINK/V2-1 debugger/programmer with USB re-enumeration capability: Virtual COM port and debug port, n=1
2021-12-22 09:29:17,798 [WARN] DbBoardsPdsc:254 - Board STM32WB5MM-DK: unknown feature type=, name=, username=Comprehensive free software libraries and examples available with the STM32CubeWB MCU Package, n=1
2021-12-22 09:29:17,798 [WARN] DbBoardsPdsc:254 - Board STM32WB5MM-DK: unknown feature type=, name=, username=Support of a wide choice of Integrated Development Environments (IDEs) including IAR Embedded Workbench速, MDK-ARM, and STM32CubeIDE, n=1
2021-12-22 09:29:17,798 [WARN] DbBoardsPdsc:254 - Board STM32H7B3I-EVAL: unknown feature type=Audio, name=, username=Multi-Channel Audio Codec (CS42L51-CNZ), n=1
2021-12-22 09:29:17,798 [WARN] DbBoardsPdsc:254 - Board STM32H7B3I-EVAL: unknown feature type=Meter, name=, username=Power-metering and Temperature-monitoring with sigma-delta modulators, n=1
2021-12-22 09:29:17,798 [WARN] DbBoardsPdsc:254 - Board STM32H7B3I-EVAL: unknown feature type=Motor, name=, username=Motor Control, n=1
2021-12-22 09:29:17,860 [INFO] DbBoardsJson:87 - JSON generation date=Tue Nov 16 16:17:54 GMT 2021 (1637079474)
2021-12-22 09:29:17,876 [INFO] DbBoards:117 - Found 167 boards (158 are supported by CubeMX)
2021-12-22 09:29:17,876 [INFO] DbBoardsDocs:143 - JSON generation date=Tue Nov 16 16:17:54 GMT 2021 (1637079474)
2021-12-22 09:29:17,892 [INFO] DbBoardsDocs:79 - Found 209 boards documents
2021-12-22 09:29:27,718 [WARN] DbBoards:127 - board B-L475E-IOT01A2 has no document id list !
2021-12-22 09:29:27,718 [WARN] DbBoards:127 - board NUCLEO-H743ZI has no document id list !
2021-12-22 09:29:27,718 [WARN] DbBoards:127 - board NUCLEO-WL55JC2 has no document id list !
2021-12-22 09:29:27,718 [WARN] DbBoards:127 - board P-NUCLEO-WB55-Nucleo has no document id list !
2021-12-22 09:29:27,718 [WARN] DbBoards:127 - board P-NUCLEO-WB55-USBDongle has no document id list !
2021-12-22 09:29:27,718 [WARN] DbBoards:127 - board STEVAL-BFA001V1B has no document id list !
2021-12-22 09:29:27,718 [WARN] DbBoards:127 - board STEVAL-BFA001V2B has no document id list !
2021-12-22 09:29:27,718 [WARN] DbBoards:127 - board STEVAL-IDP005V1 has no document id list !
2021-12-22 09:29:27,718 [WARN] DbBoards:127 - board STEVAL-IDP005V2 has no document id list !
2021-12-22 09:29:27,718 [WARN] DbBoards:127 - board STEVAL-MKSBOX1V1 has no document id list !
2021-12-22 09:29:27,718 [WARN] DbBoards:127 - board STEVAL-STWINKT1 has no document id list !
2021-12-22 09:29:27,718 [WARN] DbBoards:127 - board STEVAL-STWINKT1B has no document id list !
2021-12-22 09:29:27,718 [WARN] DbBoards:127 - board STM32439I-EVAL2 has no document id list !
2021-12-22 09:29:27,718 [WARN] DbBoards:127 - board STM32F401C-DISCO has no document id list !
2021-12-22 09:29:27,718 [WARN] DbBoards:127 - board STM32F769I-DISC1 has no document id list !
2021-12-22 09:29:27,718 [WARN] DbBoards:127 - board STM32G474E-EVAL1 has no document id list !
2021-12-22 09:29:27,718 [WARN] DbBoards:127 - board STM32H743I-EVAL2 has no document id list !
2021-12-22 09:29:27,718 [WARN] DbBoards:127 - board STM32H747I-DISC1 has no document id list !
2021-12-22 09:29:27,718 [WARN] DbBoards:127 - board STM32H753I-EVAL2 has no document id list !
2021-12-22 09:29:27,718 [WARN] DbBoards:127 - board STM32L-DISCOVERY has no document id list !
2021-12-22 09:29:27,984 [ERROR] DbBoards:189 - Image file not found for board B-U585I-IOT02A: C:\ST\STM32CubeIDE_1.6.1\STM32CubeIDE\plugins\com.st.stm32cube.common.mx_6.2.1.202103241236\\db\/plugins/mcufinder/images/boards/B-U585I-IOT02A_small.jpg
2021-12-22 09:29:28,157 [ERROR] DbBoards:189 - Image file not found for board NUCLEO-F413ZH: C:\ST\STM32CubeIDE_1.6.1\STM32CubeIDE\plugins\com.st.stm32cube.common.mx_6.2.1.202103241236\\db\/plugins/mcufinder/images/boards/nucleo-f413zh_small.jpg
2021-12-22 09:29:28,485 [ERROR] DbBoards:189 - Image file not found for board NUCLEO-L552ZE-Q: C:\ST\STM32CubeIDE_1.6.1\STM32CubeIDE\plugins\com.st.stm32cube.common.mx_6.2.1.202103241236\\db\/plugins/mcufinder/images/boards/nucleo_l552ze_q_small.jpg
2021-12-22 09:29:28,485 [ERROR] DbBoards:189 - Image file not found for board NUCLEO-U575ZI-Q: C:\ST\STM32CubeIDE_1.6.1\STM32CubeIDE\plugins\com.st.stm32cube.common.mx_6.2.1.202103241236\\db\/plugins/mcufinder/images/boards/nucleo-u575zi-q_small.jpg
2021-12-22 09:29:28,485 [ERROR] DbBoards:189 - Image file not found for board NUCLEO-WB15CC: C:\ST\STM32CubeIDE_1.6.1\STM32CubeIDE\plugins\com.st.stm32cube.common.mx_6.2.1.202103241236\\db\/plugins/mcufinder/images/boards/nucleo-wb15cc_small.jpg
2021-12-22 09:29:28,485 [ERROR] DbBoards:189 - Image file not found for board NUCLEO-WB55RG: C:\ST\STM32CubeIDE_1.6.1\STM32CubeIDE\plugins\com.st.stm32cube.common.mx_6.2.1.202103241236\\db\/plugins/mcufinder/images/boards/nucleo-wb55rg_small.jpg
2021-12-22 09:29:30,399 [ERROR] DbBoards:189 - Image file not found for board STM32U575I-EV: C:\ST\STM32CubeIDE_1.6.1\STM32CubeIDE\plugins\com.st.stm32cube.common.mx_6.2.1.202103241236\\db\/plugins/mcufinder/images/boards/stm32u575i-ev_small.jpg
2021-12-22 09:29:30,508 [INFO] ApiDb:251 - Load user favorites file C:\Users\Israel/.stm32cubeide/favorites.boards.txt: 0 item(s)
2021-12-22 09:29:30,508 [INFO] ApiDb:255 - User favorites Boards=[]
2021-12-22 09:29:30,508 [INFO] DbBoards:206 - Set 0 / 0 favorites Boards
2021-12-22 09:29:30,524 [INFO] DbBoardsDocs:79 - Found 418 boards documents
2021-12-22 09:29:30,524 [INFO] ApiDb:276 - Save user favorites file C:\Users\Israel/.stm32cubeide/favorites.boards.txt: 0 item(s)
2021-12-22 09:29:30,524 [INFO] ApiDb:280 - User favorites Boards=[]
2021-12-22 09:29:30,555 [INFO] DbBoardsPdsc:90 - Found 24 items
2021-12-22 09:29:30,555 [INFO] DbBoardsPdsc:90 - Found 9 items
2021-12-22 09:29:30,571 [INFO] DbBoardsPdsc:90 - Found 33 items
2021-12-22 09:29:30,571 [INFO] DbBoardsPdsc:90 - Found 1 items
2021-12-22 09:29:30,586 [INFO] DbBoardsPdsc:90 - Found 46 items
2021-12-22 09:29:30,602 [INFO] DbBoardsPdsc:90 - Found 41 items
2021-12-22 09:29:30,602 [INFO] DbBoardsPdsc:90 - Found 2 items
2021-12-22 09:29:30,602 [INFO] DbBoardsPdsc:90 - Found 5 items
2021-12-22 09:29:30,602 [WARN] DbBoardsPdsc:254 - Board NUCLEO-WB15CC: unknown feature type=, name=, username=Three user LEDs, n=1
2021-12-22 09:29:30,602 [WARN] DbBoardsPdsc:254 - Board NUCLEO-WB15CC: unknown feature type=, name=, username=One reset and three user push-buttons, n=1
2021-12-22 09:29:30,602 [WARN] DbBoardsPdsc:254 - Board NUCLEO-WB15CC: unknown feature type=, name=, username=Arduino Uno V3 expansion connector, n=1
2021-12-22 09:29:30,602 [WARN] DbBoardsPdsc:254 - Board NUCLEO-WB15CC: unknown feature type=, name=, username=ST morpho extension pin headers for full access to all STM32WB I/Os, n=1
2021-12-22 09:29:30,602 [WARN] DbBoardsPdsc:254 - Board NUCLEO-WB15CC: unknown feature type=, name=, username=Integrated PCB antenna and SMA connector footprint, n=1
2021-12-22 09:29:30,602 [WARN] DbBoardsPdsc:254 - Board NUCLEO-WB15CC: unknown feature type=, name=, username=Flexible power-supply options: ST-LINK, USB VBUS, or external sources, n=1
2021-12-22 09:29:30,617 [WARN] DbBoardsPdsc:254 - Board NUCLEO-WB15CC: unknown feature type=, name=, username=On-board footprint to mount a CR2032 battery socket, n=1
2021-12-22 09:29:30,617 [WARN] DbBoardsPdsc:254 - Board NUCLEO-WB15CC: unknown feature type=, name=, username=On-board ST-LINK/V2-1 debugger/programmer with USB re-enumeration capability: mass storage, Virtual COM port, and debug port, n=1
2021-12-22 09:29:30,617 [WARN] DbBoardsPdsc:254 - Board NUCLEO-WB15CC: unknown feature type=, name=, username=Comprehensive free software libraries and examples available with the STM32CubeWB MCU Package, n=1
2021-12-22 09:29:30,617 [WARN] DbBoardsPdsc:254 - Board NUCLEO-WB15CC: unknown feature type=, name=, username=Support of a wide choice of Integrated Development Environments (IDEs) including IAR Embedded Workbench, MDK-ARM, STM32CubeIDE, and Mbed Studio, n=1
2021-12-22 09:29:30,617 [WARN] DbBoardsPdsc:254 - Board STM32H7B3I-DK: unknown feature type=Audio, name=, username=Audio stereo codec with Headphone Amp (CS42L51-CNZ), n=1
2021-12-22 09:29:30,617 [WARN] DbBoardsPdsc:254 - Board STM32H735G-DK: unknown feature type=Audio, name=, username=Audio stereo codec with Headphone Amp (WM8994ECS/R), n=1
2021-12-22 09:29:30,617 [WARN] DbBoardsPdsc:254 - Board STM32WB5MM-DK: unknown feature type=, name=, username=Time-of-Flight and gesture-detection sensor, n=1
2021-12-22 09:29:30,617 [WARN] DbBoardsPdsc:254 - Board STM32WB5MM-DK: unknown feature type=, name=, username=3 push-buttons (2 users and 1 reset) and 1 touch key button, n=1
2021-12-22 09:29:30,617 [WARN] DbBoardsPdsc:254 - Board STM32WB5MM-DK: unknown feature type=, name=, username=Flexible power-supply options: ST-LINK/V2-1 USB connector, 5 V delivered by ARDUINO速 or external connector, USB charger, or USB power, n=1
2021-12-22 09:29:30,617 [WARN] DbBoardsPdsc:254 - Board STM32WB5MM-DK: unknown feature type=, name=, username=On-board ST-LINK/V2-1 debugger/programmer with USB re-enumeration capability: Virtual COM port and debug port, n=1
2021-12-22 09:29:30,617 [WARN] DbBoardsPdsc:254 - Board STM32WB5MM-DK: unknown feature type=, name=, username=Comprehensive free software libraries and examples available with the STM32CubeWB MCU Package, n=1
2021-12-22 09:29:30,617 [WARN] DbBoardsPdsc:254 - Board STM32WB5MM-DK: unknown feature type=, name=, username=Support of a wide choice of Integrated Development Environments (IDEs) including IAR Embedded Workbench速, MDK-ARM, and STM32CubeIDE, n=1
2021-12-22 09:29:30,617 [WARN] DbBoardsPdsc:254 - Board STM32H7B3I-EVAL: unknown feature type=Audio, name=, username=Multi-Channel Audio Codec (CS42L51-CNZ), n=1
2021-12-22 09:29:30,617 [WARN] DbBoardsPdsc:254 - Board STM32H7B3I-EVAL: unknown feature type=Meter, name=, username=Power-metering and Temperature-monitoring with sigma-delta modulators, n=1
2021-12-22 09:29:30,617 [WARN] DbBoardsPdsc:254 - Board STM32H7B3I-EVAL: unknown feature type=Motor, name=, username=Motor Control, n=1
2021-12-22 09:29:30,727 [INFO] DbBoardsJson:87 - JSON generation date=Tue Nov 16 16:17:54 GMT 2021 (1637079474)
2021-12-22 09:29:30,742 [INFO] DbBoards:117 - Found 167 boards (158 are supported by CubeMX)
2021-12-22 09:29:30,742 [WARN] DbBoards:127 - board B-L475E-IOT01A2 has no document id list !
2021-12-22 09:29:30,742 [WARN] DbBoards:127 - board NUCLEO-H743ZI has no document id list !
2021-12-22 09:29:30,742 [WARN] DbBoards:127 - board NUCLEO-WL55JC2 has no document id list !
2021-12-22 09:29:30,742 [WARN] DbBoards:127 - board P-NUCLEO-WB55-Nucleo has no document id list !
2021-12-22 09:29:30,742 [WARN] DbBoards:127 - board P-NUCLEO-WB55-USBDongle has no document id list !
2021-12-22 09:29:30,742 [WARN] DbBoards:127 - board STEVAL-BFA001V1B has no document id list !
2021-12-22 09:29:30,742 [WARN] DbBoards:127 - board STEVAL-BFA001V2B has no document id list !
2021-12-22 09:29:30,742 [WARN] DbBoards:127 - board STEVAL-IDP005V1 has no document id list !
2021-12-22 09:29:30,742 [WARN] DbBoards:127 - board STEVAL-IDP005V2 has no document id list !
2021-12-22 09:29:30,742 [WARN] DbBoards:127 - board STEVAL-MKSBOX1V1 has no document id list !
2021-12-22 09:29:30,742 [WARN] DbBoards:127 - board STEVAL-STWINKT1 has no document id list !
2021-12-22 09:29:30,742 [WARN] DbBoards:127 - board STEVAL-STWINKT1B has no document id list !
2021-12-22 09:29:30,742 [WARN] DbBoards:127 - board STM32439I-EVAL2 has no document id list !
2021-12-22 09:29:30,742 [WARN] DbBoards:127 - board STM32F401C-DISCO has no document id list !
2021-12-22 09:29:30,742 [WARN] DbBoards:127 - board STM32F769I-DISC1 has no document id list !
2021-12-22 09:29:30,742 [WARN] DbBoards:127 - board STM32G474E-EVAL1 has no document id list !
2021-12-22 09:29:30,758 [WARN] DbBoards:127 - board STM32H743I-EVAL2 has no document id list !
2021-12-22 09:29:30,758 [WARN] DbBoards:127 - board STM32H747I-DISC1 has no document id list !
2021-12-22 09:29:30,758 [WARN] DbBoards:127 - board STM32H753I-EVAL2 has no document id list !
2021-12-22 09:29:30,758 [WARN] DbBoards:127 - board STM32L-DISCOVERY has no document id list !
2021-12-22 09:29:30,961 [ERROR] DbBoards:189 - Image file not found for board B-U585I-IOT02A: C:\ST\STM32CubeIDE_1.6.1\STM32CubeIDE\plugins\com.st.stm32cube.common.mx_6.2.1.202103241236\\db\/plugins/mcufinder/images/boards/B-U585I-IOT02A_small.jpg
2021-12-22 09:29:31,181 [ERROR] DbBoards:189 - Image file not found for board NUCLEO-F413ZH: C:\ST\STM32CubeIDE_1.6.1\STM32CubeIDE\plugins\com.st.stm32cube.common.mx_6.2.1.202103241236\\db\/plugins/mcufinder/images/boards/nucleo-f413zh_small.jpg
2021-12-22 09:29:31,712 [ERROR] DbBoards:189 - Image file not found for board NUCLEO-L552ZE-Q: C:\ST\STM32CubeIDE_1.6.1\STM32CubeIDE\plugins\com.st.stm32cube.common.mx_6.2.1.202103241236\\db\/plugins/mcufinder/images/boards/nucleo_l552ze_q_small.jpg
2021-12-22 09:29:31,712 [ERROR] DbBoards:189 - Image file not found for board NUCLEO-U575ZI-Q: C:\ST\STM32CubeIDE_1.6.1\STM32CubeIDE\plugins\com.st.stm32cube.common.mx_6.2.1.202103241236\\db\/plugins/mcufinder/images/boards/nucleo-u575zi-q_small.jpg
2021-12-22 09:29:31,712 [ERROR] DbBoards:189 - Image file not found for board NUCLEO-WB15CC: C:\ST\STM32CubeIDE_1.6.1\STM32CubeIDE\plugins\com.st.stm32cube.common.mx_6.2.1.202103241236\\db\/plugins/mcufinder/images/boards/nucleo-wb15cc_small.jpg
2021-12-22 09:29:31,712 [ERROR] DbBoards:189 - Image file not found for board NUCLEO-WB55RG: C:\ST\STM32CubeIDE_1.6.1\STM32CubeIDE\plugins\com.st.stm32cube.common.mx_6.2.1.202103241236\\db\/plugins/mcufinder/images/boards/nucleo-wb55rg_small.jpg
2021-12-22 09:29:33,575 [ERROR] DbBoards:189 - Image file not found for board STM32U575I-EV: C:\ST\STM32CubeIDE_1.6.1\STM32CubeIDE\plugins\com.st.stm32cube.common.mx_6.2.1.202103241236\\db\/plugins/mcufinder/images/boards/stm32u575i-ev_small.jpg
2021-12-22 09:29:33,669 [INFO] ApiDb:251 - Load user favorites file C:\Users\Israel/.stm32cubeide/favorites.boards.txt: 0 item(s)
2021-12-22 09:29:33,669 [INFO] ApiDb:255 - User favorites Boards=[]
2021-12-22 09:29:33,669 [INFO] DbBoards:206 - Set 0 / 0 favorites Boards
2021-12-22 09:29:35,079 [INFO] ApiDb:479 - Connected to CubeFinder SQLite database (C:\Users\Israel\.stmcufinder\plugins\mcufinder\mcu\cube-finder-db.db)
2021-12-22 09:29:36,908 [INFO] DbExamplesSqlite:401 - Ignored 15 examples not supported by CubeIDE
2021-12-22 09:29:36,908 [INFO] DbExamplesSqlite:402 - Found 6089 examples active
2021-12-22 09:29:36,908 [INFO] DbExamplesSqlite:403 - Found 0 examples obsolete
2021-12-22 09:29:36,908 [INFO] DbExamplesSqlite:404 - Found 0 examples under development
2021-12-22 09:29:36,908 [INFO] DbExamplesSqlite:405 - Found 94 examples not building
2021-12-22 09:29:36,940 [INFO] DbExamplesSqlite:104 - CubeFinder database Data Model version=2.1
2021-12-22 09:29:36,940 [INFO] DbExamplesSqlite:105 - CubeFinder database Configuration version=3.0.22
2021-12-22 09:29:36,940 [INFO] DbExamplesSqlite:106 - CubeFinder database generation date=2021-12-07 (1638868725)
2021-12-22 09:29:36,940 [INFO] DbExamplesSqlite:107 - CubeFinder database FW Pack versions=[STM32Cube_FW_F4_V1.26.2, STM32Cube_FW_F7_V1.16.1, STM32Cube_FW_G0_V1.5.0, STM32Cube_FW_G4_V1.5.0, STM32Cube_FW_H7_V1.9.0, STM32Cube_FW_L5_V1.4.0, STM32Cube_FW_U5_V1.0.2, STM32Cube_FW_WB_V1.13.0, STM32Cube_FW_WL_V1.1.0, X-CUBE-ALS_V1.0.1, X-CUBE-AZRTOS-F4_V1.0.0, X-CUBE-AZRTOS-F7_V1.0.0, X-CUBE-AZRTOS-G4_V1.0.0, X-CUBE-AZRTOS-H7_V2.0.0, X-CUBE-AZRTOS-L4_V1.0.0, X-CUBE-AZRTOS-L5_V1.0.0, X-CUBE-BLE1_V6.2.1, X-CUBE-BLE2_V3.2.2, X-CUBE-EEPRMA1_V3.1.0, X-CUBE-GNSS1_V5.2.0, X-CUBE-MEMS1_V9.1.0, X-CUBE-NFC4_V2.0.3, X-CUBE-SFXS2LP1_V3.1.0, X-CUBE-SUBG2_V4.2.0]
2021-12-22 09:29:36,940 [INFO] DbExamples:130 - Found 6168 examples
2021-12-22 09:29:38,464 [ERROR] DbExamples:206 - Found 6168 examples with invalid data (board or MCU)
2021-12-22 09:29:38,464 [INFO] DbExamples:222 - Found 74 boards with related examples
2021-12-22 09:29:38,464 [INFO] DbExamples:235 - Found 0 MCUs with related examples
2021-12-22 09:29:38,495 [INFO] ApiDb:251 - Load user favorites file C:\Users\Israel/.stm32cubeide/favorites.examples.txt: 0 item(s)
2021-12-22 09:29:38,511 [INFO] ApiDb:255 - User favorites Examples=[]
2021-12-22 09:29:38,511 [INFO] DbExamples:256 - Set 0 / 0 favorites Examples
2021-12-22 09:29:39,358 [INFO] CrossSelectorPresenter:1330 - Cross Selector saved comparison directory: C:\Users\Israel\.stmcufinder\plugins\mcufinder\mcu\cs_comparisons_mx
2021-12-22 09:29:39,358 [INFO] MultiScanPanel:200 - Auto-refresh data requested => check proxy status ongoing
2021-12-22 09:29:39,374 [INFO] FinderPluginLoader:87 - Searching for filters in installed packs
2021-12-22 09:29:40,429 [INFO] DetailPanel:310 - Set advertising image to C:/Users/Israel/STM32Cube/Repository/\en.Prom_NBSTM32U50921.jpg
2021-12-22 09:30:58,216 [INFO] ApiDb:276 - Save user favorites file C:\Users\Israel/.stm32cubeide/favorites.mcus.txt: 0 item(s)
2021-12-22 09:30:58,217 [INFO] ApiDb:280 - User favorites MCUs=[]
2021-12-22 13:15:12,643 [INFO] Activator:170 - 


2021-12-22 13:15:12,643 [INFO] Activator:171 - !SESSION log4j initialized
2021-12-22 19:43:46,889 [INFO] Activator:170 - 


2021-12-22 19:43:46,904 [INFO] Activator:171 - !SESSION log4j initialized
2021-12-23 09:00:49,587 [INFO] Activator:170 - 


2021-12-23 09:00:49,603 [INFO] Activator:171 - !SESSION log4j initialized
2021-12-23 18:09:53,941 [INFO] Activator:170 - 


2021-12-23 18:09:53,941 [INFO] Activator:171 - !SESSION log4j initialized
2021-12-24 08:51:41,668 [INFO] Activator:170 - 


2021-12-24 08:51:41,683 [INFO] Activator:171 - !SESSION log4j initialized
2021-12-24 21:56:43,064 [INFO] Activator:170 - 


2021-12-24 21:56:43,064 [INFO] Activator:171 - !SESSION log4j initialized
2021-12-25 09:02:24,737 [INFO] Activator:170 - 


2021-12-25 09:02:24,752 [INFO] Activator:171 - !SESSION log4j initialized
2021-12-26 09:23:58,366 [INFO] Activator:170 - 


2021-12-26 09:23:58,382 [INFO] Activator:171 - !SESSION log4j initialized
2021-12-27 10:22:14,100 [INFO] Activator:170 - 


2021-12-27 10:22:14,100 [INFO] Activator:171 - !SESSION log4j initialized
2021-12-28 09:06:09,388 [INFO] Activator:170 - 


2021-12-28 09:06:09,396 [INFO] Activator:171 - !SESSION log4j initialized
